<?xml version="1.0" encoding="UTF-8"?>
<Site BuildName="(empty)"
	BuildStamp="20250618-0821-Experimental"
	Name="pc-ls2n-3571"
	Generator="ctest-3.28.3"
	CompilerName="/usr/bin/g++"
	CompilerVersion="13.3.0"
	OSName="Linux"
	Hostname="pc-ls2n-3571"
	OSRelease="6.11.0-26-generic"
	OSVersion="#26~24.04.1-Ubuntu SMP PREEMPT_DYNAMIC Thu Apr 17 19:20:47 UTC 2"
	OSPlatform="x86_64"
	Is64Bits="1"
	VendorString="GenuineIntel"
	VendorID="Intel Corporation"
	FamilyID="6"
	ModelID="154"
	ProcessorCacheSize="24576"
	NumberOfLogicalCPU="20"
	NumberOfPhysicalCPU="14"
	TotalVirtualMemory="8191"
	TotalPhysicalMemory="31778"
	LogicalProcessorsPerPhysical="1"
	ProcessorClockFrequency="3985.92"
	>
	<Testing>
		<StartDateTime>Jun 18 17:45 CEST</StartDateTime>
		<StartTestTime>1750261505</StartTestTime>
		<TestList/>
		<EndDateTime>Jun 18 17:45 CEST</EndDateTime>
		<EndTestTime>1750261505</EndTestTime>
		<ElapsedMinutes>0</ElapsedMinutes>
	</Testing>
</Site>
